<?xml version="1.0" encoding="UTF-8"?>
<!-- Generated by org.testng.reporters.JUnitXMLReporter -->
<testsuite hostname="DESKTOP-G6T0SJ9" ignored="0" name="Run test Rozetka." tests="3" failures="0" timestamp="23 июн 2019 21:28:10 GMT" time="40.499" errors="0">
  <testcase name="goToMainPage" time="18.163" classname="Test.TestRozetka"/>
  <testcase name="selectAirCond" time="8.597" classname="Test.TestRozetka"/>
  <testcase name="equalAirCond" time="7.243" classname="Test.TestRozetka"/>
</testsuite> <!-- Run test Rozetka. -->
