<?xml version="1.0" encoding="UTF-8"?>
<testng-results skipped="0" failed="0" ignored="0" total="3" passed="3">
  <reporter-output>
  </reporter-output>
  <suite name="RunTest" duration-ms="46742" started-at="2019-06-23T21:29:35Z" finished-at="2019-06-23T21:30:22Z">
    <groups>
    </groups>
    <test name="Run test Rozetka." duration-ms="46742" started-at="2019-06-23T21:29:35Z" finished-at="2019-06-23T21:30:22Z">
      <class name="Test.TestRozetka">
        <test-method status="PASS" signature="beforeTest()[pri:0, instance:Test.TestRozetka@68837a77]" name="beforeTest" is-config="true" duration-ms="6158" started-at="2019-06-23T21:29:35Z" finished-at="2019-06-23T21:29:42Z">
          <reporter-output>
          </reporter-output>
        </test-method> <!-- beforeTest -->
        <test-method status="PASS" signature="goToMainPage()[pri:0, instance:Test.TestRozetka@68837a77]" name="goToMainPage" duration-ms="22632" started-at="2019-06-23T21:29:42Z" finished-at="2019-06-23T21:30:04Z">
          <reporter-output>
          </reporter-output>
        </test-method> <!-- goToMainPage -->
        <test-method status="PASS" signature="selectAirCond()[pri:0, instance:Test.TestRozetka@68837a77]" name="selectAirCond" duration-ms="8539" started-at="2019-06-23T21:30:04Z" depends-on-methods="Test.TestRozetka.goToMainPage" finished-at="2019-06-23T21:30:13Z">
          <reporter-output>
          </reporter-output>
        </test-method> <!-- selectAirCond -->
        <test-method status="PASS" signature="equalAirCond()[pri:0, instance:Test.TestRozetka@68837a77]" name="equalAirCond" duration-ms="7955" started-at="2019-06-23T21:30:13Z" depends-on-methods="Test.TestRozetka.selectAirCond" finished-at="2019-06-23T21:30:21Z">
          <reporter-output>
          </reporter-output>
        </test-method> <!-- equalAirCond -->
        <test-method status="PASS" signature="afterTest()[pri:0, instance:Test.TestRozetka@68837a77]" name="afterTest" is-config="true" duration-ms="1424" started-at="2019-06-23T21:30:21Z" finished-at="2019-06-23T21:30:22Z">
          <reporter-output>
          </reporter-output>
        </test-method> <!-- afterTest -->
      </class> <!-- Test.TestRozetka -->
    </test> <!-- Run test Rozetka. -->
  </suite> <!-- RunTest -->
</testng-results>
