<?xml version="1.0" encoding="UTF-8"?>
<!-- Generated by org.testng.reporters.JUnitXMLReporter -->
<testsuite hostname="DESKTOP-G6T0SJ9" ignored="0" name="Run test Rozetka." tests="3" failures="0" timestamp="23 июн 2019 21:30:22 GMT" time="46.742" errors="0">
  <testcase name="goToMainPage" time="22.632" classname="Test.TestRozetka"/>
  <testcase name="selectAirCond" time="8.539" classname="Test.TestRozetka"/>
  <testcase name="equalAirCond" time="7.955" classname="Test.TestRozetka"/>
</testsuite> <!-- Run test Rozetka. -->
