<?xml version="1.0" encoding="UTF-8"?>
<testng-results skipped="0" failed="0" ignored="0" total="3" passed="3">
  <reporter-output>
  </reporter-output>
  <suite name="RunTest" duration-ms="40499" started-at="2019-06-23T21:27:29Z" finished-at="2019-06-23T21:28:10Z">
    <groups>
    </groups>
    <test name="Run test Rozetka." duration-ms="40499" started-at="2019-06-23T21:27:29Z" finished-at="2019-06-23T21:28:10Z">
      <class name="Test.TestRozetka">
        <test-method status="PASS" signature="beforeTest()[pri:0, instance:Test.TestRozetka@46d56d67]" name="beforeTest" is-config="true" duration-ms="5638" started-at="2019-06-23T21:27:29Z" finished-at="2019-06-23T21:27:35Z">
          <reporter-output>
          </reporter-output>
        </test-method> <!-- beforeTest -->
        <test-method status="PASS" signature="goToMainPage()[pri:0, instance:Test.TestRozetka@46d56d67]" name="goToMainPage" duration-ms="18163" started-at="2019-06-23T21:27:35Z" finished-at="2019-06-23T21:27:53Z">
          <reporter-output>
          </reporter-output>
        </test-method> <!-- goToMainPage -->
        <test-method status="PASS" signature="selectAirCond()[pri:0, instance:Test.TestRozetka@46d56d67]" name="selectAirCond" duration-ms="8597" started-at="2019-06-23T21:27:53Z" depends-on-methods="Test.TestRozetka.goToMainPage" finished-at="2019-06-23T21:28:02Z">
          <reporter-output>
          </reporter-output>
        </test-method> <!-- selectAirCond -->
        <test-method status="PASS" signature="equalAirCond()[pri:0, instance:Test.TestRozetka@46d56d67]" name="equalAirCond" duration-ms="7243" started-at="2019-06-23T21:28:02Z" depends-on-methods="Test.TestRozetka.selectAirCond" finished-at="2019-06-23T21:28:09Z">
          <reporter-output>
          </reporter-output>
        </test-method> <!-- equalAirCond -->
        <test-method status="PASS" signature="afterTest()[pri:0, instance:Test.TestRozetka@46d56d67]" name="afterTest" is-config="true" duration-ms="821" started-at="2019-06-23T21:28:09Z" finished-at="2019-06-23T21:28:10Z">
          <reporter-output>
          </reporter-output>
        </test-method> <!-- afterTest -->
      </class> <!-- Test.TestRozetka -->
    </test> <!-- Run test Rozetka. -->
  </suite> <!-- RunTest -->
</testng-results>
